<?xml version="1.0" encoding="UTF-8"?>
<!-- Generated by org.testng.reporters.JUnitXMLReporter -->
<testsuite ignored="5" hostname="LAPTOP-CPTC2M6Q" failures="0" tests="5" name="Card funtionality" time="0.197" errors="0" timestamp="2022-11-17T06:27:45 IST">
  <testcase classname="test.com.testR7" name="TestOne" time="0.027"/>
  <testcase classname="test.com.testR7" name="TestThree" time="0.005"/>
  <testcase classname="test.com.testR7" name="TestTwo" time="0.005"/>
  <testcase classname="test.com.testR6" name="skipTest2" time="0.006"/>
  <testcase classname="test.com.testR6" name="skipTest3" time="0.002"/>
  <testcase classname="commom.com.BeforeMethodsTwo" name="@AfterSuite Asuite" time="0.0">
    <ignored/>
  </testcase> <!-- @AfterSuite Asuite -->
  <testcase classname="commom.com.BeforeMethodsTwo" name="@BeforeTest Btest" time="0.0">
    <ignored/>
  </testcase> <!-- @BeforeTest Btest -->
  <testcase classname="commom.com.BeforeMethodsTwo" name="@AfterTest Atest" time="0.0">
    <ignored/>
  </testcase> <!-- @AfterTest Atest -->
  <testcase classname="commom.com.BeforeMethodsTwo" name="@BeforeSuite Bsuite" time="0.0">
    <ignored/>
  </testcase> <!-- @BeforeSuite Bsuite -->
  <testcase classname="test.com.testR6" name="skipTest1" time="0.0">
    <ignored/>
  </testcase> <!-- skipTest1 -->
</testsuite> <!-- Card funtionality -->
