<?xml version="1.0" encoding="UTF-8"?>
<!-- Generated by org.testng.reporters.JUnitXMLReporter -->
<testsuite ignored="0" hostname="LAPTOP-CPTC2M6Q" failures="0" tests="5" name="Default test" time="0.126" errors="0" timestamp="2022-11-15T06:34:39 IST">
  <testcase classname="test.com.testR5" name="loginTest" time="0.018"/>
  <testcase classname="test.com.testR5" name="logOut" time="0.003"/>
  <testcase classname="test.com.testR5" name="addTOCart1" time="0.002"/>
  <testcase classname="test.com.testR5" name="addTOCart2" time="0.003"/>
  <testcase classname="test.com.testR5" name="addTOCart3" time="0.003"/>
</testsuite> <!-- Default test -->
