<?xml version="1.0" encoding="UTF-8"?>
<!-- Generated by org.testng.reporters.JUnitXMLReporter -->
<testsuite ignored="0" hostname="LAPTOP-CPTC2M6Q" failures="0" tests="4" name="Default test" time="31.344" errors="0" timestamp="2022-11-17T06:57:58 IST">
  <testcase classname="test.com.testR9" name="Login" time="10.503"/>
  <testcase classname="test.com.testR9" name="Login" time="5.018"/>
  <testcase classname="test.com.testR9" name="Login" time="5.415"/>
  <testcase classname="test.com.testR9" name="Login" time="10.297"/>
</testsuite> <!-- Default test -->
