<?xml version="1.0" encoding="UTF-8"?>
<testng-results ignored="0" total="1" passed="1" failed="0" skipped="0">
  <reporter-output>
  </reporter-output>
  <suite started-at="2023-01-05T06:24:58 IST" name="Default suite" finished-at="2023-01-05T06:25:03 IST" duration-ms="5007">
    <groups>
    </groups>
    <test started-at="2023-01-05T06:24:58 IST" name="Default test" finished-at="2023-01-05T06:25:03 IST" duration-ms="5007">
      <class name="testcases.API_TEST">
        <test-method signature="goRestCreateUser()[pri:0, instance:testcases.API_TEST@f5ac9e4]" started-at="2023-01-05T06:24:58 IST" name="goRestCreateUser" finished-at="2023-01-05T06:25:03 IST" duration-ms="4855" status="PASS">
          <reporter-output>
          </reporter-output>
        </test-method> <!-- goRestCreateUser -->
      </class> <!-- testcases.API_TEST -->
    </test> <!-- Default test -->
  </suite> <!-- Default suite -->
</testng-results>
