<?xml version="1.0" encoding="UTF-8"?>
<testng-results ignored="0" total="2" passed="2" failed="0" skipped="0">
  <reporter-output>
  </reporter-output>
  <suite started-at="2022-11-12T06:50:35 IST" name="Default suite" finished-at="2022-11-12T06:50:50 IST" duration-ms="14583">
    <groups>
    </groups>
    <test started-at="2022-11-12T06:50:35 IST" name="Default test" finished-at="2022-11-12T06:50:50 IST" duration-ms="14583">
      <class name="test.com.testR3">
        <test-method is-config="true" signature="LaunchBroswerChrome()[pri:0, instance:test.com.testR3@1ddf84b8]" started-at="2022-11-12T06:50:35 IST" name="LaunchBroswerChrome" finished-at="2022-11-12T06:50:43 IST" duration-ms="7626" status="PASS">
          <reporter-output>
          </reporter-output>
        </test-method> <!-- LaunchBroswerChrome -->
        <test-method signature="loginTest()[pri:1, instance:test.com.testR3@1ddf84b8]" started-at="2022-11-12T06:50:43 IST" name="loginTest" description="Verify the title of page" finished-at="2022-11-12T06:50:43 IST" duration-ms="88" status="PASS">
          <reporter-output>
          </reporter-output>
        </test-method> <!-- loginTest -->
        <test-method is-config="true" signature="ClosingBrowser()[pri:0, instance:test.com.testR3@1ddf84b8]" started-at="2022-11-12T06:50:43 IST" name="ClosingBrowser" finished-at="2022-11-12T06:50:44 IST" duration-ms="781" status="PASS">
          <reporter-output>
          </reporter-output>
        </test-method> <!-- ClosingBrowser -->
        <test-method is-config="true" signature="LaunchBroswerChrome()[pri:0, instance:test.com.testR3@1ddf84b8]" started-at="2022-11-12T06:50:44 IST" name="LaunchBroswerChrome" finished-at="2022-11-12T06:50:49 IST" duration-ms="5008" status="PASS">
          <reporter-output>
          </reporter-output>
        </test-method> <!-- LaunchBroswerChrome -->
        <test-method signature="validatePageHeader()[pri:2, instance:test.com.testR3@1ddf84b8]" started-at="2022-11-12T06:50:49 IST" name="validatePageHeader" description="Verify header Text" finished-at="2022-11-12T06:50:49 IST" duration-ms="168" status="PASS">
          <reporter-output>
          </reporter-output>
        </test-method> <!-- validatePageHeader -->
        <test-method is-config="true" signature="ClosingBrowser()[pri:0, instance:test.com.testR3@1ddf84b8]" started-at="2022-11-12T06:50:49 IST" name="ClosingBrowser" finished-at="2022-11-12T06:50:50 IST" duration-ms="778" status="PASS">
          <reporter-output>
          </reporter-output>
        </test-method> <!-- ClosingBrowser -->
      </class> <!-- test.com.testR3 -->
    </test> <!-- Default test -->
  </suite> <!-- Default suite -->
</testng-results>
