<?xml version="1.0" encoding="UTF-8"?>
<!-- Generated by org.testng.reporters.JUnitXMLReporter -->
<testsuite ignored="2" hostname="LAPTOP-CPTC2M6Q" failures="0" tests="1" name="GRP-mvt" time="0.072" errors="0" timestamp="2022-11-15T05:49:26 IST">
  <testcase classname="test.com.testR" name="addTOCart" time="0.016"/>
  <testcase classname="test.com.testR" name="logOut" time="0.0">
    <ignored/>
  </testcase> <!-- logOut -->
  <testcase classname="test.com.testR" name="loginTest" time="0.0">
    <ignored/>
  </testcase> <!-- loginTest -->
</testsuite> <!-- GRP-mvt -->
