<?xml version="1.0" encoding="UTF-8"?>
<!-- Generated by org.testng.reporters.JUnitXMLReporter -->
<testsuite ignored="3" hostname="LAPTOP-CPTC2M6Q" failures="0" tests="2" name="GRP-regression" time="0.122" errors="0" timestamp="2022-11-15T06:33:26 IST">
  <testcase classname="test.com.testR5" name="logOut" time="0.022"/>
  <testcase classname="test.com.testR5" name="addTOCart2" time="0.004"/>
  <testcase classname="test.com.testR5" name="loginTest" time="0.0">
    <ignored/>
  </testcase> <!-- loginTest -->
  <testcase classname="test.com.testR5" name="addTOCart3" time="0.0">
    <ignored/>
  </testcase> <!-- addTOCart3 -->
  <testcase classname="test.com.testR5" name="addTOCart1" time="0.0">
    <ignored/>
  </testcase> <!-- addTOCart1 -->
</testsuite> <!-- GRP-regression -->
