<?xml version="1.0" encoding="UTF-8"?>
<!-- Generated by org.testng.reporters.JUnitXMLReporter -->
<testsuite ignored="3" hostname="LAPTOP-CPTC2M6Q" failures="0" tests="2" name="GRP-loginF" time="0.094" errors="0" timestamp="2022-11-15T06:28:57 IST">
  <testcase classname="test.com.testR5" name="loginTest" time="0.019"/>
  <testcase classname="test.com.testR5" name="logOut" time="0.002"/>
  <testcase classname="test.com.testR5" name="addTOCart2" time="0.0">
    <ignored/>
  </testcase> <!-- addTOCart2 -->
  <testcase classname="test.com.testR5" name="addTOCart3" time="0.0">
    <ignored/>
  </testcase> <!-- addTOCart3 -->
  <testcase classname="test.com.testR5" name="addTOCart1" time="0.0">
    <ignored/>
  </testcase> <!-- addTOCart1 -->
</testsuite> <!-- GRP-loginF -->
