<?xml version="1.0" encoding="UTF-8"?>
<!-- Generated by org.testng.reporters.JUnitXMLReporter -->
<testsuite ignored="2" hostname="LAPTOP-CPTC2M6Q" failures="0" tests="3" name="GRP-addC" time="0.091" errors="0" timestamp="2022-11-15T06:29:35 IST">
  <testcase classname="test.com.testR5" name="addTOCart1" time="0.017"/>
  <testcase classname="test.com.testR5" name="addTOCart2" time="0.002"/>
  <testcase classname="test.com.testR5" name="addTOCart3" time="0.002"/>
  <testcase classname="test.com.testR5" name="loginTest" time="0.0">
    <ignored/>
  </testcase> <!-- loginTest -->
  <testcase classname="test.com.testR5" name="logOut" time="0.0">
    <ignored/>
  </testcase> <!-- logOut -->
</testsuite> <!-- GRP-addC -->
