<?xml version="1.0" encoding="UTF-8"?>
<!-- Generated by org.testng.reporters.JUnitXMLReporter -->
<testsuite ignored="0" hostname="LAPTOP-CPTC2M6Q" failures="1" tests="4" name="Test" time="7.08" errors="0" timestamp="2022-12-10T06:45:00 IST">
  <testcase classname="test.com.Test14" name="TestOne" time="3.155">
    <skipped/>
  </testcase> <!-- TestOne -->
  <testcase classname="test.com.Test14" name="TestOne" time="1.412">
    <skipped/>
  </testcase> <!-- TestOne -->
  <testcase classname="test.com.Test14" name="TestOne" time="1.257">
    <skipped/>
  </testcase> <!-- TestOne -->
  <testcase classname="test.com.Test14" name="TestOne" time="1.128">
    <failure type="java.lang.AssertionError" message="expected [true] but found [false]">
      <![CDATA[java.lang.AssertionError: expected [true] but found [false]
at test.com.Test14.TestOne(Test14.java:20)
at java.base/java.util.ArrayList.forEach(ArrayList.java:1511)
... Removed 31 stack frames]]>
    </failure>
  </testcase> <!-- TestOne -->
</testsuite> <!-- Test -->
