<?xml version="1.0" encoding="UTF-8"?>
<!-- Generated by org.testng.reporters.JUnitXMLReporter -->
<testsuite ignored="0" hostname="LAPTOP-CPTC2M6Q" failures="0" tests="11" name="user registration" time="21.078" errors="0" timestamp="2022-11-15T06:52:06 IST">
  <testcase classname="test.com.testR5" name="loginTest" time="0.006"/>
  <testcase classname="test.com.testR5" name="logOut" time="0.005"/>
  <testcase classname="test.com.testR5" name="addTOCart1" time="0.003"/>
  <testcase classname="test.com.testR5" name="addTOCart2" time="0.002"/>
  <testcase classname="test.com.testR5" name="addTOCart3" time="0.003"/>
  <testcase classname="test.com.testR3" name="loginTest" time="0.091"/>
  <testcase classname="test.com.testR3" name="validatePageHeader" time="0.155"/>
  <testcase classname="test.com.testR4" name="loginTest" time="5.68"/>
  <testcase classname="test.com.testR2" name="loginTest" time="0.002"/>
  <testcase classname="test.com.testR2" name="addTOCart" time="0.004"/>
  <testcase classname="test.com.testR2" name="logOut" time="0.002"/>
</testsuite> <!-- user registration -->
